0 info it worked if it ends with ok
1 verbose cli [ '/nodejs/bin/node',
1 verbose cli   '/nodejs/bin/npm',
1 verbose cli   '--prefix',
1 verbose cli   '/app',
1 verbose cli   'start',
1 verbose cli   '/app' ]
2 info using npm@1.4.28
3 info using node@v0.10.40
4 verbose run-script [ 'prestart', 'start', 'poststart' ]
5 info prestart server@0.0.0
6 info start server@0.0.0
7 verbose unsafe-perm in lifecycle true
8 info server@0.0.0 Failed to exec start script
9 error server@0.0.0 start: `node ./bin/www`
9 error Exit status 143
10 error Failed at the server@0.0.0 start script.
10 error This is most likely a problem with the server package,
10 error not with npm itself.
10 error Tell the author that this fails on your system:
10 error     node ./bin/www
10 error You can get their info via:
10 error     npm owner ls server
10 error There is likely additional logging output above.
11 error System Linux 3.13.0-61-generic
12 error command "/nodejs/bin/node" "/nodejs/bin/npm" "--prefix" "/app" "start" "/app"
13 error cwd /app
14 error node -v v0.10.40
15 error npm -v 1.4.28
16 error code ELIFECYCLE
17 verbose exit [ 1, true ]
